@storybook/cli v7.3.2

info => Cleaning outputDir: C:\Users\iolpj\AppData\Local\Temp\chromatic--29268-ljOQ63zdxemx
info => Loading presets
info => Building manager..
info => Manager built (180 ms)
info => Copying static files: C:\Users\iolpj\Desktop\KKIRI\client\node_modules\@storybook\manager\static at C:\Users\iolpj\AppData\Local\Temp\chromatic--29268-ljOQ63zdxemx\sb-common-assets
WARN No story files found for the specified pattern: src\**\*.mdx
[36mvite v4.4.9 [32mbuilding for production...[36m[39m

./sb-common-assets/fonts.css doesn't exist at build time, it will remain unchanged to be resolved at runtime
transforming...
node_modules/telejson/dist/index.mjs (1413:15) Use of eval in "node_modules/telejson/dist/index.mjs" is strongly discouraged as it poses security risks and may cause issues with minification.
node_modules/telejson/dist/index.mjs (1416:18) Use of eval in "node_modules/telejson/dist/index.mjs" is strongly discouraged as it poses security risks and may cause issues with minification.
[32m✓[39m 1381 modules transformed.
rendering chunks...
computing gzip size...
[2m../../../AppData/Local/Temp/chromatic--29268-ljOQ63zdxemx/[22m[32miframe.html                                         [39m[1m[2m 12.75 kB[22m[1m[22m[2m │ gzip:   3.57 kB[22m
[2m../../../AppData/Local/Temp/chromatic--29268-ljOQ63zdxemx/[22m[35massets/Header-a6911580.css                          [39m[1m[2m  0.51 kB[22m[1m[22m[2m │ gzip:   0.31 kB[22m
[2m../../../AppData/Local/Temp/chromatic--29268-ljOQ63zdxemx/[22m[35massets/Button-bc1a867b.css                          [39m[1m[2m  0.52 kB[22m[1m[22m[2m │ gzip:   0.29 kB[22m
[2m../../../AppData/Local/Temp/chromatic--29268-ljOQ63zdxemx/[22m[35massets/Page.stories-ece1482a.css                    [39m[1m[2m  0.93 kB[22m[1m[22m[2m │ gzip:   0.39 kB[22m
[2m../../../AppData/Local/Temp/chromatic--29268-ljOQ63zdxemx/[22m[36massets/preview-1e5c59db.js                          [39m[1m[2m  0.19 kB[22m[1m[22m[2m │ gzip:   0.19 kB[22m[2m │ map:     0.59 kB[22m
[2m../../../AppData/Local/Temp/chromatic--29268-ljOQ63zdxemx/[22m[36massets/index-d475d2ea.js                            [39m[1m[2m  0.21 kB[22m[1m[22m[2m │ gzip:   0.17 kB[22m[2m │ map:     0.81 kB[22m
[2m../../../AppData/Local/Temp/chromatic--29268-ljOQ63zdxemx/[22m[36massets/chunk-MSDTXLE7-e8876087.js                   [39m[1m[2m  0.33 kB[22m[1m[22m[2m │ gzip:   0.28 kB[22m[2m │ map:     1.25 kB[22m
[2m../../../AppData/Local/Temp/chromatic--29268-ljOQ63zdxemx/[22m[36massets/WithTooltip-YBG737T3-aa297f3a.js             [39m[1m[2m  0.45 kB[22m[1m[22m[2m │ gzip:   0.28 kB[22m[2m │ map:     0.11 kB[22m
[2m../../../AppData/Local/Temp/chromatic--29268-ljOQ63zdxemx/[22m[36massets/syntaxhighlighter-4OVWVELQ-95a8bf2a.js       [39m[1m[2m  0.46 kB[22m[1m[22m[2m │ gzip:   0.31 kB[22m[2m │ map:     0.12 kB[22m
[2m../../../AppData/Local/Temp/chromatic--29268-ljOQ63zdxemx/[22m[36massets/preview-331218e8.js                          [39m[1m[2m  0.51 kB[22m[1m[22m[2m │ gzip:   0.33 kB[22m[2m │ map:     0.52 kB[22m
[2m../../../AppData/Local/Temp/chromatic--29268-ljOQ63zdxemx/[22m[36massets/index-56502c4c.js                            [39m[1m[2m  0.62 kB[22m[1m[22m[2m │ gzip:   0.39 kB[22m[2m │ map:     4.26 kB[22m
[2m../../../AppData/Local/Temp/chromatic--29268-ljOQ63zdxemx/[22m[36massets/preview-5ef354f3.js                          [39m[1m[2m  0.69 kB[22m[1m[22m[2m │ gzip:   0.49 kB[22m[2m │ map:     3.82 kB[22m
[2m../../../AppData/Local/Temp/chromatic--29268-ljOQ63zdxemx/[22m[36massets/_commonjsHelpers-de833af9.js                 [39m[1m[2m  0.75 kB[22m[1m[22m[2m │ gzip:   0.43 kB[22m[2m │ map:     0.11 kB[22m
[2m../../../AppData/Local/Temp/chromatic--29268-ljOQ63zdxemx/[22m[36massets/index-356e4a49.js                            [39m[1m[2m  0.81 kB[22m[1m[22m[2m │ gzip:   0.51 kB[22m[2m │ map:     3.24 kB[22m
[2m../../../AppData/Local/Temp/chromatic--29268-ljOQ63zdxemx/[22m[36massets/Header.stories-95ec63dd.js                   [39m[1m[2m  0.86 kB[22m[1m[22m[2m │ gzip:   0.46 kB[22m[2m │ map:     0.11 kB[22m
[2m../../../AppData/Local/Temp/chromatic--29268-ljOQ63zdxemx/[22m[36massets/preview-b79ea209.js                          [39m[1m[2m  0.90 kB[22m[1m[22m[2m │ gzip:   0.60 kB[22m[2m │ map:     2.89 kB[22m
[2m../../../AppData/Local/Temp/chromatic--29268-ljOQ63zdxemx/[22m[36massets/Button.stories-2b2de8ac.js                   [39m[1m[2m  1.51 kB[22m[1m[22m[2m │ gzip:   0.59 kB[22m[2m │ map:     0.13 kB[22m
[2m../../../AppData/Local/Temp/chromatic--29268-ljOQ63zdxemx/[22m[36massets/Header-c2523655.js                           [39m[1m[2m  1.60 kB[22m[1m[22m[2m │ gzip:   0.73 kB[22m[2m │ map:     2.95 kB[22m
[2m../../../AppData/Local/Temp/chromatic--29268-ljOQ63zdxemx/[22m[36massets/Button-bec8b3db.js                           [39m[1m[2m  2.09 kB[22m[1m[22m[2m │ gzip:   1.08 kB[22m[2m │ map:     3.66 kB[22m
[2m../../../AppData/Local/Temp/chromatic--29268-ljOQ63zdxemx/[22m[36massets/preview-a60aa466.js                          [39m[1m[2m  2.40 kB[22m[1m[22m[2m │ gzip:   1.25 kB[22m[2m │ map:    10.86 kB[22m
[2m../../../AppData/Local/Temp/chromatic--29268-ljOQ63zdxemx/[22m[36massets/index-d37d4223.js                            [39m[1m[2m  2.63 kB[22m[1m[22m[2m │ gzip:   1.30 kB[22m[2m │ map:     7.46 kB[22m
[2m../../../AppData/Local/Temp/chromatic--29268-ljOQ63zdxemx/[22m[36massets/Git-DZ2D5ZUL-6ca74cd2.js                     [39m[1m[2m  3.06 kB[22m[1m[22m[2m │ gzip:   1.00 kB[22m[2m │ map:     7.18 kB[22m
[2m../../../AppData/Local/Temp/chromatic--29268-ljOQ63zdxemx/[22m[36massets/preview-770cc08b.js                          [39m[1m[2m  3.22 kB[22m[1m[22m[2m │ gzip:   1.39 kB[22m[2m │ map:    10.17 kB[22m
[2m../../../AppData/Local/Temp/chromatic--29268-ljOQ63zdxemx/[22m[36massets/Editing-7QFB6ZMG-a75b9a4e.js                 [39m[1m[2m  4.02 kB[22m[1m[22m[2m │ gzip:   1.12 kB[22m[2m │ map:    10.08 kB[22m
[2m../../../AppData/Local/Temp/chromatic--29268-ljOQ63zdxemx/[22m[36massets/iframe-3c05df42.js                           [39m[1m[2m  4.51 kB[22m[1m[22m[2m │ gzip:   1.69 kB[22m[2m │ map:     5.16 kB[22m
[2m../../../AppData/Local/Temp/chromatic--29268-ljOQ63zdxemx/[22m[36massets/OS-YZ2Y4VYS-57059e39.js                      [39m[1m[2m  5.57 kB[22m[1m[22m[2m │ gzip:   2.20 kB[22m[2m │ map:     9.90 kB[22m
[2m../../../AppData/Local/Temp/chromatic--29268-ljOQ63zdxemx/[22m[36massets/index-61bf1805.js                            [39m[1m[2m  7.21 kB[22m[1m[22m[2m │ gzip:   2.95 kB[22m[2m │ map:    15.67 kB[22m
[2m../../../AppData/Local/Temp/chromatic--29268-ljOQ63zdxemx/[22m[36massets/People-OD4EV7WZ-e23c0f1f.js                  [39m[1m[2m  7.64 kB[22m[1m[22m[2m │ gzip:   2.20 kB[22m[2m │ map:    16.27 kB[22m
[2m../../../AppData/Local/Temp/chromatic--29268-ljOQ63zdxemx/[22m[36massets/preview-d8c963a4.js                          [39m[1m[2m  7.67 kB[22m[1m[22m[2m │ gzip:   1.60 kB[22m[2m │ map:    14.16 kB[22m
[2m../../../AppData/Local/Temp/chromatic--29268-ljOQ63zdxemx/[22m[36massets/Documents-SGWAY3KW-a46f097b.js               [39m[1m[2m  8.11 kB[22m[1m[22m[2m │ gzip:   1.61 kB[22m[2m │ map:    20.03 kB[22m
[2m../../../AppData/Local/Temp/chromatic--29268-ljOQ63zdxemx/[22m[36massets/preview-25cb0eda.js                          [39m[1m[2m  8.33 kB[22m[1m[22m[2m │ gzip:   3.21 kB[22m[2m │ map:    29.33 kB[22m
[2m../../../AppData/Local/Temp/chromatic--29268-ljOQ63zdxemx/[22m[36massets/Devices-SUYACUPO-5f5f7f3c.js                 [39m[1m[2m 11.12 kB[22m[1m[22m[2m │ gzip:   2.43 kB[22m[2m │ map:    24.76 kB[22m
[2m../../../AppData/Local/Temp/chromatic--29268-ljOQ63zdxemx/[22m[36massets/GlobalScrollAreaStyles-4LLX2B3H-f1235d8c.js  [39m[1m[2m 15.05 kB[22m[1m[22m[2m │ gzip:   2.82 kB[22m[2m │ map:    21.40 kB[22m
[2m../../../AppData/Local/Temp/chromatic--29268-ljOQ63zdxemx/[22m[36massets/Logos-SJTNNI74-dfca754f.js                   [39m[1m[2m 15.65 kB[22m[1m[22m[2m │ gzip:   5.34 kB[22m[2m │ map:    29.98 kB[22m
[2m../../../AppData/Local/Temp/chromatic--29268-ljOQ63zdxemx/[22m[36massets/Wayfinding-BB4H7CHP-0d20a672.js              [39m[1m[2m 19.02 kB[22m[1m[22m[2m │ gzip:   3.75 kB[22m[2m │ map:    47.53 kB[22m
[2m../../../AppData/Local/Temp/chromatic--29268-ljOQ63zdxemx/[22m[36massets/Images-S2WTXNGG-1424b253.js                  [39m[1m[2m 20.72 kB[22m[1m[22m[2m │ gzip:   4.41 kB[22m[2m │ map:    49.02 kB[22m
[2m../../../AppData/Local/Temp/chromatic--29268-ljOQ63zdxemx/[22m[36massets/preview-d06fc6bf.js                          [39m[1m[2m 21.08 kB[22m[1m[22m[2m │ gzip:   6.99 kB[22m[2m │ map:    68.23 kB[22m
[2m../../../AppData/Local/Temp/chromatic--29268-ljOQ63zdxemx/[22m[36massets/Communicate-7JXCND2Z-d3f800fa.js             [39m[1m[2m 25.15 kB[22m[1m[22m[2m │ gzip:   6.58 kB[22m[2m │ map:    52.56 kB[22m
[2m../../../AppData/Local/Temp/chromatic--29268-ljOQ63zdxemx/[22m[36massets/CRUD-I5EZL2FS-97d62e3d.js                    [39m[1m[2m 26.35 kB[22m[1m[22m[2m │ gzip:   5.92 kB[22m[2m │ map:    59.43 kB[22m
[2m../../../AppData/Local/Temp/chromatic--29268-ljOQ63zdxemx/[22m[36massets/OverlayScrollbars-OL4C4TVX-03af70e8.js       [39m[1m[2m 28.95 kB[22m[1m[22m[2m │ gzip:  14.20 kB[22m[2m │ map:   108.12 kB[22m
[2m../../../AppData/Local/Temp/chromatic--29268-ljOQ63zdxemx/[22m[36massets/Color-6VNJS4EI-d7365d23.js                   [39m[1m[2m 31.05 kB[22m[1m[22m[2m │ gzip:  11.66 kB[22m[2m │ map:   112.54 kB[22m
[2m../../../AppData/Local/Temp/chromatic--29268-ljOQ63zdxemx/[22m[36massets/_getPrototype-74a4a53f.js                    [39m[1m[2m213.04 kB[22m[1m[22m[2m │ gzip:  66.68 kB[22m[2m │ map:   652.70 kB[22m
[2m../../../AppData/Local/Temp/chromatic--29268-ljOQ63zdxemx/[22m[36massets/Page.stories-50cce55b.js                     [39m[1m[2m307.26 kB[22m[1m[22m[2m │ gzip:  77.00 kB[22m[2m │ map: 1,127.66 kB[22m
[2m../../../AppData/Local/Temp/chromatic--29268-ljOQ63zdxemx/[22m[36massets/config-a2f31cb6.js                           [39m[1m[2m323.30 kB[22m[1m[22m[2m │ gzip:  99.54 kB[22m[2m │ map: 1,161.02 kB[22m
[2m../../../AppData/Local/Temp/chromatic--29268-ljOQ63zdxemx/[22m[36massets/formatter-6736J7QO-0b59a018.js               [39m[1m[33m601.64 kB[39m[22m[2m │ gzip: 185.05 kB[22m[2m │ map: 1,318.57 kB[22m
[2m../../../AppData/Local/Temp/chromatic--29268-ljOQ63zdxemx/[22m[36massets/DocsRenderer-3PUGWF3O-282d26aa.js            [39m[1m[33m657.28 kB[39m[22m[2m │ gzip: 201.65 kB[22m[2m │ map: 2,041.65 kB[22m
[33m
(!) Some chunks are larger than 500 kBs after minification. Consider:
- Using dynamic import() to code-split the application
- Use build.rollupOptions.output.manualChunks to improve chunking: https://rollupjs.org/configuration-options/#output-manualchunks
- Adjust chunk size limit for this warning via build.chunkSizeWarningLimit.[39m
[32m✓ built in 7.23s[39m
info => Output directory: C:\Users\iolpj\AppData\Local\Temp\chromatic--29268-ljOQ63zdxemx
